{"duration":"12ms","ip":"::1","level":"error","message":"GET /api/health 404","method":"GET","service":"logimetrics-backend","statusCode":404,"timestamp":"2026-01-10 13:01:06","url":"/api/health"}
{"duration":"4ms","ip":"::1","level":"error","message":"GET /api/health 404","method":"GET","service":"logimetrics-backend","statusCode":404,"timestamp":"2026-01-10 13:01:06","url":"/api/health"}
{"duration":"2ms","ip":"::1","level":"error","message":"GET /favicon.ico 404","method":"GET","service":"logimetrics-backend","statusCode":404,"timestamp":"2026-01-10 13:01:06","url":"/favicon.ico"}
{"duration":"2ms","ip":"::1","level":"error","message":"GET /favicon.ico 404","method":"GET","service":"logimetrics-backend","statusCode":404,"timestamp":"2026-01-10 13:01:06","url":"/favicon.ico"}
{"duration":"8ms","ip":"::1","level":"error","message":"GET /api/health 404","method":"GET","service":"logimetrics-backend","statusCode":404,"timestamp":"2026-01-10 13:19:25","url":"/api/health"}
{"duration":"2ms","ip":"::1","level":"error","message":"GET /api/health 404","method":"GET","service":"logimetrics-backend","statusCode":404,"timestamp":"2026-01-10 13:19:25","url":"/api/health"}
{"duration":"1ms","ip":"::1","level":"error","message":"GET / 404","method":"GET","service":"logimetrics-backend","statusCode":404,"timestamp":"2026-01-10 13:19:39","url":"/"}
{"duration":"7ms","ip":"::1","level":"error","message":"POST /api/auth/login 404","method":"POST","service":"logimetrics-backend","statusCode":404,"timestamp":"2026-01-10 17:53:44","url":"/api/auth/login"}
{"duration":"1ms","ip":"::1","level":"error","message":"POST /api/auth/login 404","method":"POST","service":"logimetrics-backend","statusCode":404,"timestamp":"2026-01-10 17:53:46","url":"/api/auth/login"}
{"duration":"2ms","ip":"::1","level":"error","message":"POST /api/auth/login 404","method":"POST","service":"logimetrics-backend","statusCode":404,"timestamp":"2026-01-10 17:54:03","url":"/api/auth/login"}
{"duration":"2ms","ip":"::1","level":"error","message":"POST /api/auth/login 404","method":"POST","service":"logimetrics-backend","statusCode":404,"timestamp":"2026-01-10 17:55:08","url":"/api/auth/login"}
{"duration":"2ms","ip":"::1","level":"error","message":"GET / 404","method":"GET","service":"logimetrics-backend","statusCode":404,"timestamp":"2026-01-10 17:55:40","url":"/"}
{"duration":"1ms","ip":"::1","level":"error","message":"GET /api/auth/login 404","method":"GET","service":"logimetrics-backend","statusCode":404,"timestamp":"2026-01-10 17:56:02","url":"/api/auth/login"}
{"duration":"2ms","ip":"::1","level":"error","message":"GET /api/auth/login 404","method":"GET","service":"logimetrics-backend","statusCode":404,"timestamp":"2026-01-10 17:56:06","url":"/api/auth/login"}
{"duration":"3ms","ip":"::1","level":"error","message":"GET /api/v1/auth/login 404","method":"GET","service":"logimetrics-backend","statusCode":404,"timestamp":"2026-01-10 17:58:01","url":"/api/v1/auth/login"}
{"duration":"1ms","ip":"::1","level":"error","message":"GET /api/v1/login 404","method":"GET","service":"logimetrics-backend","statusCode":404,"timestamp":"2026-01-10 17:58:11","url":"/api/v1/login"}
{"duration":"2ms","ip":"::1","level":"error","message":"GET /api/auth 404","method":"GET","service":"logimetrics-backend","statusCode":404,"timestamp":"2026-01-10 17:58:21","url":"/api/auth"}
{"duration":"2ms","ip":"::1","level":"error","message":"GET /api/v1/users 401","method":"GET","service":"logimetrics-backend","statusCode":401,"timestamp":"2026-01-10 17:58:30","url":"/api/v1/users"}
{"duration":"2ms","ip":"::1","level":"error","message":"GET /api/v1/auth 404","method":"GET","service":"logimetrics-backend","statusCode":404,"timestamp":"2026-01-10 17:58:33","url":"/api/v1/auth"}
{"duration":"2ms","ip":"::1","level":"error","message":"GET /api/v1/companies 401","method":"GET","service":"logimetrics-backend","statusCode":401,"timestamp":"2026-01-10 17:58:40","url":"/api/v1/companies"}
{"duration":"2ms","ip":"::1","level":"error","message":"GET /api/v1/shipments 401","method":"GET","service":"logimetrics-backend","statusCode":401,"timestamp":"2026-01-10 17:58:46","url":"/api/v1/shipments"}
{"duration":"1ms","ip":"::1","level":"error","message":"GET /api/v1/pricing 401","method":"GET","service":"logimetrics-backend","statusCode":401,"timestamp":"2026-01-10 17:58:54","url":"/api/v1/pricing"}
{"duration":"1ms","ip":"::1","level":"error","message":"GET /api/v1/docs 404","method":"GET","service":"logimetrics-backend","statusCode":404,"timestamp":"2026-01-10 17:59:07","url":"/api/v1/docs"}
{"duration":"1ms","ip":"::1","level":"error","message":"GET /api/docs 404","method":"GET","service":"logimetrics-backend","statusCode":404,"timestamp":"2026-01-10 17:59:12","url":"/api/docs"}
{"duration":"1ms","ip":"::1","level":"error","message":"GET /api/auth 404","method":"GET","service":"logimetrics-backend","statusCode":404,"timestamp":"2026-01-10 17:59:22","url":"/api/auth"}
{"duration":"2ms","ip":"::1","level":"error","message":"GET /api/docs 404","method":"GET","service":"logimetrics-backend","statusCode":404,"timestamp":"2026-01-10 17:59:25","url":"/api/docs"}
{"duration":"1ms","ip":"::1","level":"error","message":"GET /api/ 404","method":"GET","service":"logimetrics-backend","statusCode":404,"timestamp":"2026-01-10 17:59:32","url":"/api/"}
{"duration":"1ms","ip":"::1","level":"error","message":"GET /api/login 404","method":"GET","service":"logimetrics-backend","statusCode":404,"timestamp":"2026-01-10 17:59:36","url":"/api/login"}
{"duration":"1ms","ip":"::1","level":"error","message":"GET /api/auth 404","method":"GET","service":"logimetrics-backend","statusCode":404,"timestamp":"2026-01-10 17:59:39","url":"/api/auth"}
{"duration":"1ms","ip":"::1","level":"error","message":"GET /api/auth/login 404","method":"GET","service":"logimetrics-backend","statusCode":404,"timestamp":"2026-01-10 17:59:42","url":"/api/auth/login"}
{"duration":"2ms","ip":"::1","level":"error","message":"POST /api/auth/login 404","method":"POST","service":"logimetrics-backend","statusCode":404,"timestamp":"2026-01-10 18:15:59","url":"/api/auth/login"}
{"duration":"1ms","ip":"::1","level":"error","message":"GET /api/auth/login 404","method":"GET","service":"logimetrics-backend","statusCode":404,"timestamp":"2026-01-10 18:26:34","url":"/api/auth/login"}
{"duration":"2ms","ip":"::1","level":"error","message":"GET /api/vi/login/auth 404","method":"GET","service":"logimetrics-backend","statusCode":404,"timestamp":"2026-01-10 18:26:39","url":"/api/vi/login/auth"}
{"duration":"1ms","ip":"::1","level":"error","message":"GET /api/v1/auth/login 404","method":"GET","service":"logimetrics-backend","statusCode":404,"timestamp":"2026-01-10 18:26:48","url":"/api/v1/auth/login"}
{"duration":"10ms","ip":"::1","level":"error","message":"GET /api/v1/auth/login 404","method":"GET","service":"logimetrics-backend","statusCode":404,"timestamp":"2026-01-10 18:37:36","url":"/api/v1/auth/login"}
{"duration":"259ms","ip":"::1","level":"error","message":"POST /api/v1/auth/login 500","method":"POST","service":"logimetrics-backend","statusCode":500,"timestamp":"2026-01-10 21:16:08","url":"/api/v1/auth/login"}
{"duration":"169ms","ip":"::1","level":"error","message":"POST /api/v1/auth/login 500","method":"POST","service":"logimetrics-backend","statusCode":500,"timestamp":"2026-01-10 21:16:12","url":"/api/v1/auth/login"}
{"duration":"493ms","ip":"::1","level":"error","message":"POST /api/v1/auth/login 500","method":"POST","service":"logimetrics-backend","statusCode":500,"timestamp":"2026-01-10 21:22:07","url":"/api/v1/auth/login"}
{"duration":"4ms","ip":"::1","level":"error","message":"POST /api/v1/auth/login 400","method":"POST","service":"logimetrics-backend","statusCode":400,"timestamp":"2026-01-10 21:41:28","url":"/api/v1/auth/login"}
{"duration":"17ms","ip":"::1","level":"error","message":"GET /api/v1/accidents/heatmap 500","method":"GET","service":"logimetrics-backend","statusCode":500,"timestamp":"2026-01-10 23:27:43","url":"/api/v1/accidents/heatmap"}
{"duration":"7ms","ip":"::1","level":"error","message":"GET /api/v1/accidents/heatmap 500","method":"GET","service":"logimetrics-backend","statusCode":500,"timestamp":"2026-01-10 23:27:43","url":"/api/v1/accidents/heatmap"}
{"duration":"2ms","ip":"::1","level":"error","message":"GET /api/v1/accidents 404","method":"GET","service":"logimetrics-backend","statusCode":404,"timestamp":"2026-01-10 23:28:00","url":"/api/v1/accidents"}
{"duration":"3ms","ip":"::1","level":"error","message":"GET /api/v1/accidents/heatmap 500","method":"GET","service":"logimetrics-backend","statusCode":500,"timestamp":"2026-01-10 23:28:32","url":"/api/v1/accidents/heatmap"}
{"duration":"3ms","ip":"::1","level":"error","message":"GET /api/v1/vehicles?limit=10 401","method":"GET","service":"logimetrics-backend","statusCode":401,"timestamp":"2026-01-11 02:14:30","url":"/api/v1/vehicles?limit=10"}
{"duration":"4ms","ip":"::1","level":"error","message":"GET /api/v1/vehicles 401","method":"GET","service":"logimetrics-backend","statusCode":401,"timestamp":"2026-01-11 02:15:31","url":"/api/v1/vehicles"}
{"duration":"3ms","ip":"::1","level":"error","message":"GET /api/v1/hello 404","method":"GET","service":"logimetrics-backend","statusCode":404,"timestamp":"2026-01-11 02:15:40","url":"/api/v1/hello"}
{"duration":"2ms","ip":"::1","level":"error","message":"GET /api/v1/vehicles 401","method":"GET","service":"logimetrics-backend","statusCode":401,"timestamp":"2026-01-11 02:15:41","url":"/api/v1/vehicles"}
{"duration":"3ms","ip":"::1","level":"error","message":"GET /api/v1/vehicles?limit=10 401","method":"GET","service":"logimetrics-backend","statusCode":401,"timestamp":"2026-01-11 02:15:56","url":"/api/v1/vehicles?limit=10"}
{"duration":"2ms","ip":"::1","level":"error","message":"GET /api/v1/vehicles?limit=20&status=active 401","method":"GET","service":"logimetrics-backend","statusCode":401,"timestamp":"2026-01-11 02:19:42","url":"/api/v1/vehicles?limit=20&status=active"}
{"duration":"5ms","ip":"::1","level":"error","message":"GET /api/v1/vehicles?limit=20&status=active 401","method":"GET","service":"logimetrics-backend","statusCode":401,"timestamp":"2026-01-11 02:20:22","url":"/api/v1/vehicles?limit=20&status=active"}
{"duration":"19ms","ip":"::1","level":"error","message":"GET /api/v1/vehicles?limit=20&status=active 400","method":"GET","service":"logimetrics-backend","statusCode":400,"timestamp":"2026-01-11 02:21:08","url":"/api/v1/vehicles?limit=20&status=active"}
{"duration":"9ms","ip":"::1","level":"error","message":"GET /api/v1/vehicles?limit=20&status=active 400","method":"GET","service":"logimetrics-backend","statusCode":400,"timestamp":"2026-01-11 02:21:17","url":"/api/v1/vehicles?limit=20&status=active"}
{"duration":"7ms","ip":"::1","level":"error","message":"GET /api/v1/vehicles 500","method":"GET","service":"logimetrics-backend","statusCode":500,"timestamp":"2026-01-11 02:21:24","url":"/api/v1/vehicles"}
